<?xml version="1.0" encoding="UTF-8"?>
<!-- Generated by org.testng.reporters.JUnitXMLReporter -->
<testsuite ignored="1" hostname="LAPTOP-D0CIFDTL" failures="0" tests="1" name="Default test" time="0.257" errors="0" timestamp="2023-06-30T23:17:11 IST">
  <testcase classname="convertJSONObjectResponseToPOJO.Video_58_ConvertJsonToPOJOClassToHandleDynamicPayloadUsingJackson" name="f1" time="0.232"/>
  <testcase classname="convertJSONObjectResponseToPOJO.Video_58_ConvertJsonToPOJOClassToHandleDynamicPayloadUsingJackson" name="f" time="0.0">
    <ignored/>
  </testcase> <!-- f -->
</testsuite> <!-- Default test -->
