<?xml version="1.0" encoding="UTF-8"?>
<!-- Generated by org.testng.reporters.JUnitXMLReporter -->
<testsuite ignored="0" hostname="LAPTOP-D0CIFDTL" failures="0" tests="2" name="Test" time="4.518" errors="0" timestamp="2022-11-18T08:09:06 IST">
  <testcase classname="datashare.Video_45_SharingData_Using_ITextContext_CreateBokingID" name="f1" time="2.914"/>
  <testcase classname="datashare.Video_45_SharingData_Using_ITextContext_GetBokingID" name="getRequestInOneLine" time="1.577"/>
</testsuite> <!-- Test -->
