<?xml version="1.0" encoding="UTF-8"?>
<testng-results ignored="0" total="1" passed="1" failed="0" skipped="0">
  <reporter-output>
  </reporter-output>
  <suite started-at="2023-02-18T20:10:52 IST" name="Default suite" finished-at="2023-02-18T20:10:52 IST" duration-ms="256">
    <groups>
    </groups>
    <test started-at="2023-02-18T20:10:52 IST" name="Default test" finished-at="2023-02-18T20:10:52 IST" duration-ms="256">
      <class name="convertJSONObjectResponseToPOJO.Video_60_CreateDynamicJSONPayloadUsingPOJO_RemoveNonDefaultValue">
        <test-method signature="f1()[pri:0, instance:convertJSONObjectResponseToPOJO.Video_60_CreateDynamicJSONPayloadUsingPOJO_RemoveNonDefaultValue@66498326]" started-at="2023-02-18T20:10:52 IST" name="f1" finished-at="2023-02-18T20:10:52 IST" duration-ms="224" status="PASS">
          <reporter-output>
          </reporter-output>
        </test-method> <!-- f1 -->
      </class> <!-- convertJSONObjectResponseToPOJO.Video_60_CreateDynamicJSONPayloadUsingPOJO_RemoveNonDefaultValue -->
    </test> <!-- Default test -->
  </suite> <!-- Default suite -->
</testng-results>
