<?xml version="1.0" encoding="UTF-8"?>
<testng-results ignored="1" total="2" passed="1" failed="0" skipped="0">
  <reporter-output>
  </reporter-output>
  <suite started-at="2023-06-30T23:17:11 IST" name="Default suite" finished-at="2023-06-30T23:17:11 IST" duration-ms="257">
    <groups>
    </groups>
    <test started-at="2023-06-30T23:17:11 IST" name="Default test" finished-at="2023-06-30T23:17:11 IST" duration-ms="257">
      <class name="convertJSONObjectResponseToPOJO.Video_58_ConvertJsonToPOJOClassToHandleDynamicPayloadUsingJackson">
        <test-method signature="f1()[pri:0, instance:convertJSONObjectResponseToPOJO.Video_58_ConvertJsonToPOJOClassToHandleDynamicPayloadUsingJackson@cad498c]" started-at="2023-06-30T23:17:11 IST" name="f1" finished-at="2023-06-30T23:17:11 IST" duration-ms="232" status="PASS">
          <reporter-output>
          </reporter-output>
        </test-method> <!-- f1 -->
      </class> <!-- convertJSONObjectResponseToPOJO.Video_58_ConvertJsonToPOJOClassToHandleDynamicPayloadUsingJackson -->
    </test> <!-- Default test -->
  </suite> <!-- Default suite -->
</testng-results>
